[2017-12-21 14:32:28] local.ERROR: Symfony\Component\Debug\Exception\FatalThrowableError: Class 'SmoDav\Mpesa\MpesaServiceProvider' not found in C:\xampp\htdocs\kenfree\vendor\laravel\framework\src\Illuminate\Foundation\ProviderRepository.php:146
Stack trace:
#0 C:\xampp\htdocs\kenfree\vendor\laravel\framework\src\Illuminate\Foundation\ProviderRepository.php(74): Illuminate\Foundation\ProviderRepository->createProvider('SmoDav\\Mpesa\\Mp...')
#1 C:\xampp\htdocs\kenfree\vendor\laravel\framework\src\Illuminate\Foundation\Application.php(540): Illuminate\Foundation\ProviderRepository->load(Array)
#2 C:\xampp\htdocs\kenfree\vendor\laravel\framework\src\Illuminate\Foundation\Bootstrap\RegisterProviders.php(17): Illuminate\Foundation\Application->registerConfiguredProviders()
#3 C:\xampp\htdocs\kenfree\vendor\laravel\framework\src\Illuminate\Foundation\Application.php(203): Illuminate\Foundation\Bootstrap\RegisterProviders->bootstrap(Object(Illuminate\Foundation\Application))
#4 C:\xampp\htdocs\kenfree\vendor\laravel\framework\src\Illuminate\Foundation\Console\Kernel.php(267): Illuminate\Foundation\Application->bootstrapWith(Array)
#5 C:\xampp\htdocs\kenfree\vendor\laravel\framework\src\Illuminate\Foundation\Console\Kernel.php(113): Illuminate\Foundation\Console\Kernel->bootstrap()
#6 C:\xampp\htdocs\kenfree\artisan(35): Illuminate\Foundation\Console\Kernel->handle(Object(Symfony\Component\Console\Input\ArgvInput), Object(Symfony\Component\Console\Output\ConsoleOutput))
#7 {main}  
[2017-12-21 14:34:03] local.ERROR: Symfony\Component\Debug\Exception\FatalThrowableError: Class 'SmoDav\Mpesa\MpesaServiceProvider' not found in C:\xampp\htdocs\kenfree\vendor\laravel\framework\src\Illuminate\Foundation\ProviderRepository.php:146
Stack trace:
#0 C:\xampp\htdocs\kenfree\vendor\laravel\framework\src\Illuminate\Foundation\ProviderRepository.php(74): Illuminate\Foundation\ProviderRepository->createProvider('SmoDav\\Mpesa\\Mp...')
#1 C:\xampp\htdocs\kenfree\vendor\laravel\framework\src\Illuminate\Foundation\Application.php(540): Illuminate\Foundation\ProviderRepository->load(Array)
#2 C:\xampp\htdocs\kenfree\vendor\laravel\framework\src\Illuminate\Foundation\Bootstrap\RegisterProviders.php(17): Illuminate\Foundation\Application->registerConfiguredProviders()
#3 C:\xampp\htdocs\kenfree\vendor\laravel\framework\src\Illuminate\Foundation\Application.php(203): Illuminate\Foundation\Bootstrap\RegisterProviders->bootstrap(Object(Illuminate\Foundation\Application))
#4 C:\xampp\htdocs\kenfree\vendor\laravel\framework\src\Illuminate\Foundation\Console\Kernel.php(267): Illuminate\Foundation\Application->bootstrapWith(Array)
#5 C:\xampp\htdocs\kenfree\vendor\laravel\framework\src\Illuminate\Foundation\Console\Kernel.php(113): Illuminate\Foundation\Console\Kernel->bootstrap()
#6 C:\xampp\htdocs\kenfree\artisan(35): Illuminate\Foundation\Console\Kernel->handle(Object(Symfony\Component\Console\Input\ArgvInput), Object(Symfony\Component\Console\Output\ConsoleOutput))
#7 {main}  
[2017-12-21 14:35:03] local.ERROR: Symfony\Component\Debug\Exception\FatalThrowableError: Class 'SmoDav\Mpesa\MpesaServiceProvider' not found in C:\xampp\htdocs\kenfree\vendor\laravel\framework\src\Illuminate\Foundation\ProviderRepository.php:146
Stack trace:
#0 C:\xampp\htdocs\kenfree\vendor\laravel\framework\src\Illuminate\Foundation\ProviderRepository.php(74): Illuminate\Foundation\ProviderRepository->createProvider('SmoDav\\Mpesa\\Mp...')
#1 C:\xampp\htdocs\kenfree\vendor\laravel\framework\src\Illuminate\Foundation\Application.php(540): Illuminate\Foundation\ProviderRepository->load(Array)
#2 C:\xampp\htdocs\kenfree\vendor\laravel\framework\src\Illuminate\Foundation\Bootstrap\RegisterProviders.php(17): Illuminate\Foundation\Application->registerConfiguredProviders()
#3 C:\xampp\htdocs\kenfree\vendor\laravel\framework\src\Illuminate\Foundation\Application.php(203): Illuminate\Foundation\Bootstrap\RegisterProviders->bootstrap(Object(Illuminate\Foundation\Application))
#4 C:\xampp\htdocs\kenfree\vendor\laravel\framework\src\Illuminate\Foundation\Console\Kernel.php(267): Illuminate\Foundation\Application->bootstrapWith(Array)
#5 C:\xampp\htdocs\kenfree\vendor\laravel\framework\src\Illuminate\Foundation\Console\Kernel.php(113): Illuminate\Foundation\Console\Kernel->bootstrap()
#6 C:\xampp\htdocs\kenfree\artisan(35): Illuminate\Foundation\Console\Kernel->handle(Object(Symfony\Component\Console\Input\ArgvInput), Object(Symfony\Component\Console\Output\ConsoleOutput))
#7 {main}  
[2017-12-21 14:35:51] local.ERROR: Symfony\Component\Debug\Exception\FatalThrowableError: Class 'Laravel\Tinker\TinkerServiceProvider' not found in C:\xampp\htdocs\kenfree\vendor\laravel\framework\src\Illuminate\Foundation\ProviderRepository.php:146
Stack trace:
#0 C:\xampp\htdocs\kenfree\vendor\laravel\framework\src\Illuminate\Foundation\ProviderRepository.php(114): Illuminate\Foundation\ProviderRepository->createProvider('Laravel\\Tinker\\...')
#1 C:\xampp\htdocs\kenfree\vendor\laravel\framework\src\Illuminate\Foundation\ProviderRepository.php(60): Illuminate\Foundation\ProviderRepository->compileManifest(Array)
#2 C:\xampp\htdocs\kenfree\vendor\laravel\framework\src\Illuminate\Foundation\Application.php(540): Illuminate\Foundation\ProviderRepository->load(Array)
#3 C:\xampp\htdocs\kenfree\vendor\laravel\framework\src\Illuminate\Foundation\Bootstrap\RegisterProviders.php(17): Illuminate\Foundation\Application->registerConfiguredProviders()
#4 C:\xampp\htdocs\kenfree\vendor\laravel\framework\src\Illuminate\Foundation\Application.php(203): Illuminate\Foundation\Bootstrap\RegisterProviders->bootstrap(Object(Illuminate\Foundation\Application))
#5 C:\xampp\htdocs\kenfree\vendor\laravel\framework\src\Illuminate\Foundation\Console\Kernel.php(267): Illuminate\Foundation\Application->bootstrapWith(Array)
#6 C:\xampp\htdocs\kenfree\vendor\laravel\framework\src\Illuminate\Foundation\Console\Kernel.php(113): Illuminate\Foundation\Console\Kernel->bootstrap()
#7 C:\xampp\htdocs\kenfree\artisan(35): Illuminate\Foundation\Console\Kernel->handle(Object(Symfony\Component\Console\Input\ArgvInput), Object(Symfony\Component\Console\Output\ConsoleOutput))
#8 {main}  
[2017-12-21 14:36:24] local.ERROR: Symfony\Component\Debug\Exception\FatalThrowableError: Class 'Stevebauman\Location\LocationServiceProvider' not found in C:\xampp\htdocs\kenfree\vendor\laravel\framework\src\Illuminate\Foundation\ProviderRepository.php:146
Stack trace:
#0 C:\xampp\htdocs\kenfree\vendor\laravel\framework\src\Illuminate\Foundation\ProviderRepository.php(114): Illuminate\Foundation\ProviderRepository->createProvider('Stevebauman\\Loc...')
#1 C:\xampp\htdocs\kenfree\vendor\laravel\framework\src\Illuminate\Foundation\ProviderRepository.php(60): Illuminate\Foundation\ProviderRepository->compileManifest(Array)
#2 C:\xampp\htdocs\kenfree\vendor\laravel\framework\src\Illuminate\Foundation\Application.php(540): Illuminate\Foundation\ProviderRepository->load(Array)
#3 C:\xampp\htdocs\kenfree\vendor\laravel\framework\src\Illuminate\Foundation\Bootstrap\RegisterProviders.php(17): Illuminate\Foundation\Application->registerConfiguredProviders()
#4 C:\xampp\htdocs\kenfree\vendor\laravel\framework\src\Illuminate\Foundation\Application.php(203): Illuminate\Foundation\Bootstrap\RegisterProviders->bootstrap(Object(Illuminate\Foundation\Application))
#5 C:\xampp\htdocs\kenfree\vendor\laravel\framework\src\Illuminate\Foundation\Console\Kernel.php(267): Illuminate\Foundation\Application->bootstrapWith(Array)
#6 C:\xampp\htdocs\kenfree\vendor\laravel\framework\src\Illuminate\Foundation\Console\Kernel.php(113): Illuminate\Foundation\Console\Kernel->bootstrap()
#7 C:\xampp\htdocs\kenfree\artisan(35): Illuminate\Foundation\Console\Kernel->handle(Object(Symfony\Component\Console\Input\ArgvInput), Object(Symfony\Component\Console\Output\ConsoleOutput))
#8 {main}  
[2017-12-21 14:36:56] local.ERROR: Symfony\Component\Debug\Exception\FatalThrowableError: Call to undefined method Illuminate\Database\Schema\MySqlBuilder::defaultStringLength() in C:\xampp\htdocs\kenfree\vendor\laravel\framework\src\Illuminate\Support\Facades\Facade.php:237
Stack trace:
#0 C:\xampp\htdocs\kenfree\app\Providers\AppServiceProvider.php(20): Illuminate\Support\Facades\Facade::__callStatic('defaultStringLe...', Array)
#1 [internal function]: App\Providers\AppServiceProvider->boot()
#2 C:\xampp\htdocs\kenfree\vendor\laravel\framework\src\Illuminate\Container\Container.php(508): call_user_func_array(Array, Array)
#3 C:\xampp\htdocs\kenfree\vendor\laravel\framework\src\Illuminate\Foundation\Application.php(769): Illuminate\Container\Container->call(Array)
#4 C:\xampp\htdocs\kenfree\vendor\laravel\framework\src\Illuminate\Foundation\Application.php(752): Illuminate\Foundation\Application->bootProvider(Object(App\Providers\AppServiceProvider))
#5 [internal function]: Illuminate\Foundation\Application->Illuminate\Foundation\{closure}(Object(App\Providers\AppServiceProvider), 12)
#6 C:\xampp\htdocs\kenfree\vendor\laravel\framework\src\Illuminate\Foundation\Application.php(753): array_walk(Array, Object(Closure))
#7 C:\xampp\htdocs\kenfree\vendor\laravel\framework\src\Illuminate\Foundation\Bootstrap\BootProviders.php(17): Illuminate\Foundation\Application->boot()
#8 C:\xampp\htdocs\kenfree\vendor\laravel\framework\src\Illuminate\Foundation\Application.php(203): Illuminate\Foundation\Bootstrap\BootProviders->bootstrap(Object(Illuminate\Foundation\Application))
#9 C:\xampp\htdocs\kenfree\vendor\laravel\framework\src\Illuminate\Foundation\Console\Kernel.php(267): Illuminate\Foundation\Application->bootstrapWith(Array)
#10 C:\xampp\htdocs\kenfree\vendor\laravel\framework\src\Illuminate\Foundation\Console\Kernel.php(113): Illuminate\Foundation\Console\Kernel->bootstrap()
#11 C:\xampp\htdocs\kenfree\artisan(35): Illuminate\Foundation\Console\Kernel->handle(Object(Symfony\Component\Console\Input\ArgvInput), Object(Symfony\Component\Console\Output\ConsoleOutput))
#12 {main}  
[2018-01-30 14:28:41] local.ERROR: Symfony\Component\Debug\Exception\FatalThrowableError: Call to undefined method Illuminate\Database\Schema\MySqlBuilder::defaultStringLength() in C:\xampp\htdocs\smartworker\vendor\laravel\framework\src\Illuminate\Support\Facades\Facade.php:237
Stack trace:
#0 C:\xampp\htdocs\smartworker\app\Providers\AppServiceProvider.php(20): Illuminate\Support\Facades\Facade::__callStatic('defaultStringLe...', Array)
#1 [internal function]: App\Providers\AppServiceProvider->boot()
#2 C:\xampp\htdocs\smartworker\vendor\laravel\framework\src\Illuminate\Container\Container.php(508): call_user_func_array(Array, Array)
#3 C:\xampp\htdocs\smartworker\vendor\laravel\framework\src\Illuminate\Foundation\Application.php(769): Illuminate\Container\Container->call(Array)
#4 C:\xampp\htdocs\smartworker\vendor\laravel\framework\src\Illuminate\Foundation\Application.php(752): Illuminate\Foundation\Application->bootProvider(Object(App\Providers\AppServiceProvider))
#5 [internal function]: Illuminate\Foundation\Application->Illuminate\Foundation\{closure}(Object(App\Providers\AppServiceProvider), 12)
#6 C:\xampp\htdocs\smartworker\vendor\laravel\framework\src\Illuminate\Foundation\Application.php(753): array_walk(Array, Object(Closure))
#7 C:\xampp\htdocs\smartworker\vendor\laravel\framework\src\Illuminate\Foundation\Bootstrap\BootProviders.php(17): Illuminate\Foundation\Application->boot()
#8 C:\xampp\htdocs\smartworker\vendor\laravel\framework\src\Illuminate\Foundation\Application.php(203): Illuminate\Foundation\Bootstrap\BootProviders->bootstrap(Object(Illuminate\Foundation\Application))
#9 C:\xampp\htdocs\smartworker\vendor\laravel\framework\src\Illuminate\Foundation\Http\Kernel.php(254): Illuminate\Foundation\Application->bootstrapWith(Array)
#10 C:\xampp\htdocs\smartworker\vendor\laravel\framework\src\Illuminate\Foundation\Http\Kernel.php(145): Illuminate\Foundation\Http\Kernel->bootstrap()
#11 C:\xampp\htdocs\smartworker\vendor\laravel\framework\src\Illuminate\Foundation\Http\Kernel.php(117): Illuminate\Foundation\Http\Kernel->sendRequestThroughRouter(Object(Illuminate\Http\Request))
#12 C:\xampp\htdocs\smartworker\public\index.php(53): Illuminate\Foundation\Http\Kernel->handle(Object(Illuminate\Http\Request))
#13 {main}  
[2018-01-30 14:28:41] local.ERROR: ReflectionException: Class Illuminate\Foundation\Http\Middleware\ValidatePostSize does not exist in C:\xampp\htdocs\smartworker\vendor\laravel\framework\src\Illuminate\Container\Container.php:749
Stack trace:
#0 C:\xampp\htdocs\smartworker\vendor\laravel\framework\src\Illuminate\Container\Container.php(749): ReflectionClass->__construct('Illuminate\\Foun...')
#1 C:\xampp\htdocs\smartworker\vendor\laravel\framework\src\Illuminate\Container\Container.php(644): Illuminate\Container\Container->build('Illuminate\\Foun...', Array)
#2 C:\xampp\htdocs\smartworker\vendor\laravel\framework\src\Illuminate\Foundation\Application.php(709): Illuminate\Container\Container->make('Illuminate\\Foun...', Array)
#3 C:\xampp\htdocs\smartworker\vendor\laravel\framework\src\Illuminate\Foundation\Http\Kernel.php(174): Illuminate\Foundation\Application->make('Illuminate\\Foun...')
#4 C:\xampp\htdocs\smartworker\public\index.php(58): Illuminate\Foundation\Http\Kernel->terminate(Object(Illuminate\Http\Request), Object(Illuminate\Http\Response))
#5 {main}  
